#
# There is insufficient memory for the Java Runtime Environment to continue.
# Native memory allocation (mmap) failed to map 264241152 bytes for G1 virtual space
# Possible reasons:
#   The system is out of physical RAM or swap space
#   The process is running with CompressedOops enabled, and the Java Heap may be blocking the growth of the native heap
# Possible solutions:
#   Reduce memory load on the system
#   Increase physical memory or swap space
#   Check if swap backing store is full
#   Decrease Java heap size (-Xmx/-Xms)
#   Decrease number of Java threads
#   Decrease Java thread stack sizes (-Xss)
#   Set larger code cache with -XX:ReservedCodeCacheSize=
#   JVM is running with Zero Based Compressed Oops mode in which the Java heap is
#     placed in the first 32GB address space. The Java Heap base address is the
#     maximum limit for the native heap growth. Please use -XX:HeapBaseMinAddress
#     to set the Java Heap base and to place the Java Heap above 32GB virtual address.
# This output file may be truncated or incomplete.
#
#  Out of Memory Error (os_windows.cpp:3825), pid=12736, tid=32376
#
# JRE version:  (17.0.9+7) (build )
# Java VM: OpenJDK 64-Bit Server VM (17.0.9+7-b1000.46, mixed mode, sharing, tiered, compressed oops, compressed class ptrs, g1 gc, windows-amd64)
# No core dump will be written. Minidumps are not enabled by default on client versions of Windows
#

---------------  S U M M A R Y ------------

Command Line: git4idea.http.GitAskPassApp Username for 'https://github.com': 

Host: 12th Gen Intel(R) Core(TM) i5-1240P, 16 cores, 15G,  Windows 11 , 64 bit Build 22621 (10.0.22621.2506)
Time: Fri Nov 24 00:40:13 2023 SE Asia Standard Time elapsed time: 0.011393 seconds (0d 0h 0m 0s)

---------------  T H R E A D  ---------------

Current thread (0x00000221d53d93d0):  JavaThread "Unknown thread" [_thread_in_vm, id=32376, stack(0x000000cf34500000,0x000000cf34600000)]

Stack: [0x000000cf34500000,0x000000cf34600000]
Native frames: (J=compiled Java code, j=interpreted, Vv=VM code, C=native code)
V  [jvm.dll+0x6886e9]
V  [jvm.dll+0x841e4a]
V  [jvm.dll+0x843a8e]
V  [jvm.dll+0x8440f3]
V  [jvm.dll+0x24c14f]
V  [jvm.dll+0x685499]
V  [jvm.dll+0x679c2a]
V  [jvm.dll+0x30cf9b]
V  [jvm.dll+0x314446]
V  [jvm.dll+0x36425e]
V  [jvm.dll+0x36448f]
V  [jvm.dll+0x2e2d68]
V  [jvm.dll+0x2e3cd4]
V  [jvm.dll+0x8129f1]
V  [jvm.dll+0x3720c1]
V  [jvm.dll+0x7f152c]
V  [jvm.dll+0x3f5d4f]
V  [jvm.dll+0x3f7981]
C  [jli.dll+0x528f]
C  [ucrtbase.dll+0x29363]
C  [KERNEL32.DLL+0x1257d]
C  [ntdll.dll+0x5aa58]


---------------  P R O C E S S  ---------------

Threads class SMR info:
_java_thread_list=0x00007ff808eaef18, length=0, elements={
}

Java Threads: ( => current thread )

Other Threads:
  0x00000221d5444270 GCTaskThread "GC Thread#0" [stack: 0x000000cf34600000,0x000000cf34700000] [id=27740]
  0x00000221d5454d80 ConcurrentGCThread "G1 Main Marker" [stack: 0x000000cf34700000,0x000000cf34800000] [id=28364]
  0x00000221d54557a0 ConcurrentGCThread "G1 Conc#0" [stack: 0x000000cf34800000,0x000000cf34900000] [id=3164]

[error occurred during error reporting (printing all threads), id 0xc0000005, EXCEPTION_ACCESS_VIOLATION (0xc0000005) at pc=0x00007ff808663937]

VM state: not at safepoint (not fully initialized)

VM Mutex/Monitor currently owned by a thread:  ([mutex/lock_event])
[0x00000221d53d42e0] Heap_lock - owner thread: 0x00000221d53d93d0

Heap address: 0x0000000704400000, size: 4028 MB, Compressed Oops mode: Zero based, Oop shift amount: 3

CDS archive(s) mapped at: [0x0000000000000000-0x0000000000000000-0x0000000000000000), size 0, SharedBaseAddress: 0x0000000800000000, ArchiveRelocationMode: 1.
Narrow klass base: 0x0000000000000000, Narrow klass shift: 0, Narrow klass range: 0x0

GC Precious Log:
<Empty>

Heap:
 garbage-first heap   total 0K, used 0K [0x0000000704400000, 0x0000000800000000)
  region size 2048K, 0 young (0K), 0 survivors (0K)
 Metaspace       used 0K, committed 0K, reserved 0K
  class space    used 0K, committed 0K, reserved 0K

Heap Regions: E=young(eden), S=young(survivor), O=old, HS=humongous(starts), HC=humongous(continues), CS=collection set, F=free, OA=open archive, CA=closed archive, TAMS=top-at-mark-start (previous, next)

Card table byte_map: [0x00000221e8bb0000,0x00000221e9390000] _byte_map_base: 0x00000221e538e000

Marking Bits (Prev, Next): (CMBitMap*) 0x00000221d5444890, (CMBitMap*) 0x00000221d54448d0
 Prev Bits: [0x00000221e9b70000, 0x00000221eda60000)
 Next Bits: [0x00000221eda60000, 0x00000221f1950000)

GC Heap History (0 events):
No events

Dll operation events (1 events):
Event: 0.008 Loaded shared library C:\Program Files\JetBrains\IntelliJ IDEA Community Edition 2023.2.2\jbr\bin\java.dll

Deoptimization events (0 events):
No events

Classes unloaded (0 events):
No events

Classes redefined (0 events):
No events

Internal exceptions (0 events):
No events

VM Operations (0 events):
No events

Events (0 events):
No events


Dynamic libraries:
0x00007ff652f10000 - 0x00007ff652f1a000 	C:\Program Files\JetBrains\IntelliJ IDEA Community Edition 2023.2.2\jbr\bin\java.exe
0x00007ff866bd0000 - 0x00007ff866de7000 	C:\WINDOWS\SYSTEM32\ntdll.dll
0x00007ff8669c0000 - 0x00007ff866a84000 	C:\WINDOWS\System32\KERNEL32.DLL
0x00007ff864570000 - 0x00007ff864915000 	C:\WINDOWS\System32\KERNELBASE.dll
0x00007ff863f40000 - 0x00007ff864051000 	C:\WINDOWS\System32\ucrtbase.dll
0x00007ff84e180000 - 0x00007ff84e19b000 	C:\Program Files\JetBrains\IntelliJ IDEA Community Edition 2023.2.2\jbr\bin\VCRUNTIME140.dll
0x00007ff84dc00000 - 0x00007ff84dc17000 	C:\Program Files\JetBrains\IntelliJ IDEA Community Edition 2023.2.2\jbr\bin\jli.dll
0x00007ff8662f0000 - 0x00007ff86649e000 	C:\WINDOWS\System32\USER32.dll
0x00007ff842590000 - 0x00007ff842823000 	C:\WINDOWS\WinSxS\amd64_microsoft.windows.common-controls_6595b64144ccf1df_6.0.22621.2506_none_270c5ae97388e100\COMCTL32.dll
0x00007ff864360000 - 0x00007ff864386000 	C:\WINDOWS\System32\win32u.dll
0x00007ff864ae0000 - 0x00007ff864b87000 	C:\WINDOWS\System32\msvcrt.dll
0x00007ff865da0000 - 0x00007ff865dc9000 	C:\WINDOWS\System32\GDI32.dll
0x00007ff864390000 - 0x00007ff8644a9000 	C:\WINDOWS\System32\gdi32full.dll
0x00007ff8640e0000 - 0x00007ff86417a000 	C:\WINDOWS\System32\msvcp_win.dll
0x00007ff865dd0000 - 0x00007ff865e01000 	C:\WINDOWS\System32\IMM32.DLL
0x00007ff859eb0000 - 0x00007ff859ebc000 	C:\Program Files\JetBrains\IntelliJ IDEA Community Edition 2023.2.2\jbr\bin\vcruntime140_1.dll
0x00007ff83d170000 - 0x00007ff83d1fd000 	C:\Program Files\JetBrains\IntelliJ IDEA Community Edition 2023.2.2\jbr\bin\msvcp140.dll
0x00007ff808370000 - 0x00007ff808ff3000 	C:\Program Files\JetBrains\IntelliJ IDEA Community Edition 2023.2.2\jbr\bin\server\jvm.dll
0x00007ff866050000 - 0x00007ff866101000 	C:\WINDOWS\System32\ADVAPI32.dll
0x00007ff866830000 - 0x00007ff8668d6000 	C:\WINDOWS\System32\sechost.dll
0x00007ff8659d0000 - 0x00007ff865ae7000 	C:\WINDOWS\System32\RPCRT4.dll
0x00007ff862d90000 - 0x00007ff862ddd000 	C:\WINDOWS\SYSTEM32\POWRPROF.dll
0x00007ff836fa0000 - 0x00007ff836fa9000 	C:\WINDOWS\SYSTEM32\WSOCK32.dll
0x00007ff85e4c0000 - 0x00007ff85e4f4000 	C:\WINDOWS\SYSTEM32\WINMM.dll
0x00007ff865e20000 - 0x00007ff865e91000 	C:\WINDOWS\System32\WS2_32.dll
0x00007ff84d1b0000 - 0x00007ff84d1ba000 	C:\WINDOWS\SYSTEM32\VERSION.dll
0x00007ff862d70000 - 0x00007ff862d83000 	C:\WINDOWS\SYSTEM32\UMPDC.dll
0x00007ff862fd0000 - 0x00007ff862fe8000 	C:\WINDOWS\SYSTEM32\kernel.appcore.dll
0x00007ff859ea0000 - 0x00007ff859eaa000 	C:\Program Files\JetBrains\IntelliJ IDEA Community Edition 2023.2.2\jbr\bin\jimage.dll
0x00007ff8613b0000 - 0x00007ff8615e3000 	C:\WINDOWS\SYSTEM32\DBGHELP.DLL
0x00007ff8664a0000 - 0x00007ff866829000 	C:\WINDOWS\System32\combase.dll
0x00007ff8668e0000 - 0x00007ff8669b7000 	C:\WINDOWS\System32\OLEAUT32.dll
0x00007ff83a740000 - 0x00007ff83a772000 	C:\WINDOWS\SYSTEM32\dbgcore.DLL
0x00007ff864060000 - 0x00007ff8640da000 	C:\WINDOWS\System32\bcryptPrimitives.dll
0x00007ff857bd0000 - 0x00007ff857bf5000 	C:\Program Files\JetBrains\IntelliJ IDEA Community Edition 2023.2.2\jbr\bin\java.dll

dbghelp: loaded successfully - version: 4.0.5 - missing functions: none
symbol engine: initialized successfully - sym options: 0x614 - pdb path: .;C:\Program Files\JetBrains\IntelliJ IDEA Community Edition 2023.2.2\jbr\bin;C:\WINDOWS\SYSTEM32;C:\WINDOWS\WinSxS\amd64_microsoft.windows.common-controls_6595b64144ccf1df_6.0.22621.2506_none_270c5ae97388e100;C:\Program Files\JetBrains\IntelliJ IDEA Community Edition 2023.2.2\jbr\bin\server

VM Arguments:
java_command: git4idea.http.GitAskPassApp Username for 'https://github.com': 
java_class_path (initial): C:/Program Files/JetBrains/IntelliJ IDEA Community Edition 2023.2.2/plugins/vcs-git/lib/git4idea-rt.jar;C:/Program Files/JetBrains/IntelliJ IDEA Community Edition 2023.2.2/lib/externalProcess-rt.jar
Launcher Type: SUN_STANDARD

[Global flags]
     intx CICompilerCount                          = 12                                        {product} {ergonomic}
     uint ConcGCThreads                            = 3                                         {product} {ergonomic}
     uint G1ConcRefinementThreads                  = 13                                        {product} {ergonomic}
   size_t G1HeapRegionSize                         = 2097152                                   {product} {ergonomic}
    uintx GCDrainStackTargetSize                   = 64                                        {product} {ergonomic}
   size_t InitialHeapSize                          = 264241152                                 {product} {ergonomic}
   size_t MarkStackSize                            = 4194304                                   {product} {ergonomic}
   size_t MaxHeapSize                              = 4223664128                                {product} {ergonomic}
   size_t MinHeapDeltaBytes                        = 2097152                                   {product} {ergonomic}
   size_t MinHeapSize                              = 8388608                                   {product} {ergonomic}
    uintx NonNMethodCodeHeapSize                   = 7602480                                {pd product} {ergonomic}
    uintx NonProfiledCodeHeapSize                  = 122027880                              {pd product} {ergonomic}
    uintx ProfiledCodeHeapSize                     = 122027880                              {pd product} {ergonomic}
    uintx ReservedCodeCacheSize                    = 251658240                              {pd product} {ergonomic}
     bool SegmentedCodeCache                       = true                                      {product} {ergonomic}
   size_t SoftMaxHeapSize                          = 4223664128                             {manageable} {ergonomic}
     bool UseCompressedClassPointers               = true                           {product lp64_product} {ergonomic}
     bool UseCompressedOops                        = true                           {product lp64_product} {ergonomic}
     bool UseG1GC                                  = true                                      {product} {ergonomic}
     bool UseLargePagesIndividualAllocation        = false                                  {pd product} {ergonomic}

Logging:
Log output configuration:
 #0: stdout all=warning uptime,level,tags
 #1: stderr all=off uptime,level,tags

Environment Variables:
PATH=C:\Program Files\Git\mingw64\libexec\git-core;C:\Program Files\Git\mingw64\libexec\git-core;C:\Program Files\Git\mingw64\bin;C:\Program Files\Git\usr\bin;C:\Users\seina\bin;C:\Program Files (x86)\Razer Chroma SDK\bin;C:\Program Files\Razer Chroma SDK\bin;C:\Program Files (x86)\Razer\ChromaBroadcast\bin;C:\Program Files\Razer\ChromaBroadcast\bin;C:\Program Files\Common Files\Oracle\Java\javapath;C:\Program Files\Microsoft\jdk-11.0.16.101-hotspot\bin;C:\Program Files (x86)\Common Files\Oracle\Java\javapath;C:\Windows\System32\HWAudioDriverLibs;C:\Windows\system32;C:\Windows;C:\Windows\System32\Wbem;C:\Windows\System32\WindowsPowerShell\v1.0;C:\Windows\System32\OpenSSH;C:\Users\Administrator\AppData\Local\Microsoft\WindowsApps;C:\WINDOWS\system32;C:\WINDOWS;C:\WINDOWS\System32\Wbem;C:\WINDOWS\System32\WindowsPowerShell\v1.0;C:\WINDOWS\System32\OpenSSH;D:\MSYS2\mingw64\bin;D:\Node;C:\Users\seina\AppData\Local\Microsoft\WindowsApps;D:\Visual Studio Code\Microsoft VS Code\bin;C:\Users\seina\AppData\Roaming\npm;C:\adb;C:\Program Files\Microsoft SQL Server\Client SDK\ODBC\170\Tools\Binn;C:\Program Files\dotnet;C:\MinGW\bin;D:\MSYS2\mingw64\bin\g++.exe;C:\WINDOWS\system32\config\systemprofile\AppData\Local\Microsoft\WindowsApps;C:\Users\seina\.dotnet\tools;C:\Users\seina\Downloads\Compressed\SDL2-devel-2.26.3-VC\SDL2-2.26.3\lib\x64;C:\Users\seina\Downloads\Compressed\SDL2_image-2.6.3\lib\x64;C:\Users\seina\AppData\Local\GitHubDesktop\bin;C:\Program Files\JetBrains\IntelliJ IDEA 2023.2.2\bin;C:\Program Files\JetBrains\IntelliJ IDEA Community Edition 2023.2.2\bin;C:\ProgramData\chocolatey\bin;C:\Program Files\Git\cmd;C:\Users\seina\AppData\Local\Microsoft\WindowsApps;C:\Users\seina\AppData\Roaming\npm;C:\Users\seina\.dotnet\tools;C:\Users\seina\Downloads\Compressed\SDL2-devel-2.26.3-VC\SDL2-2.26.3\lib\x64;C:\Users\seina\Downloads\Compressed\SDL2_image-2.6.3\lib\x64;C:\MinGW\bin;D:\MSYS2\mingw64\bin\g++.exe;C:\Users\seina\AppData\Local\GitHubDesktop\bin;C:\Program Files\JetBr
USERNAME=seina
DISPLAY=:0.0
LC_ALL=en_US.UTF-8
TERM=xterm-256color
TMPDIR=C:\Users\seina\AppData\Local\Temp
OS=Windows_NT
PROCESSOR_IDENTIFIER=Intel64 Family 6 Model 154 Stepping 3, GenuineIntel
TMP=C:\Users\seina\AppData\Local\Temp
TEMP=C:\Users\seina\AppData\Local\Temp



Periodic native trim disabled

JNI global refs:
JNI global refs: 0, weak refs: 0

JNI global refs memory usage: 0, weak refs: 0

OOME stack traces (most recent first):
Classloader memory used:


---------------  S Y S T E M  ---------------

OS:
 Windows 11 , 64 bit Build 22621 (10.0.22621.2506)
OS uptime: 1 days 0:13 hours

CPU: total 16 (initial active 16) (8 cores per cpu, 2 threads per core) family 6 model 154 stepping 3 microcode 0x420, cx8, cmov, fxsr, ht, mmx, 3dnowpref, sse, sse2, sse3, ssse3, sse4.1, sse4.2, popcnt, lzcnt, tsc, tscinvbit, avx, avx2, aes, erms, clmul, bmi1, bmi2, adx, sha, fma, vzeroupper, clflush, clflushopt, clwb
Processor Information for processor 0
  Max Mhz: 1700, Current Mhz: 1700, Mhz Limit: 1700
Processor Information for processor 1
  Max Mhz: 1700, Current Mhz: 1700, Mhz Limit: 1700
Processor Information for processor 2
  Max Mhz: 1700, Current Mhz: 1700, Mhz Limit: 1700
Processor Information for processor 3
  Max Mhz: 1700, Current Mhz: 1700, Mhz Limit: 1700
Processor Information for processor 4
  Max Mhz: 1700, Current Mhz: 1700, Mhz Limit: 1700
Processor Information for processor 5
  Max Mhz: 1700, Current Mhz: 1700, Mhz Limit: 1700
Processor Information for processor 6
  Max Mhz: 1700, Current Mhz: 1700, Mhz Limit: 1700
Processor Information for processor 7
  Max Mhz: 1700, Current Mhz: 1700, Mhz Limit: 1700
Processor Information for processor 8
  Max Mhz: 1700, Current Mhz: 1200, Mhz Limit: 1190
Processor Information for processor 9
  Max Mhz: 1700, Current Mhz: 1200, Mhz Limit: 1190
Processor Information for processor 10
  Max Mhz: 1700, Current Mhz: 1200, Mhz Limit: 1190
Processor Information for processor 11
  Max Mhz: 1700, Current Mhz: 1200, Mhz Limit: 1190
Processor Information for processor 12
  Max Mhz: 1700, Current Mhz: 1200, Mhz Limit: 1190
Processor Information for processor 13
  Max Mhz: 1700, Current Mhz: 1200, Mhz Limit: 1190
Processor Information for processor 14
  Max Mhz: 1700, Current Mhz: 1200, Mhz Limit: 1190
Processor Information for processor 15
  Max Mhz: 1700, Current Mhz: 1200, Mhz Limit: 1190

Memory: 4k page, system-wide physical 16108M (1385M free)
TotalPageFile size 93949M (AvailPageFile size 76M)
current process WorkingSet (physical memory assigned to process): 11M, peak: 11M
current process commit charge ("private bytes"): 70M, peak: 322M

vm_info: OpenJDK 64-Bit Server VM (17.0.9+7-b1000.46) for windows-amd64 JRE (17.0.9+7-b1000.46), built on 2023-10-27 by "builduser" with MS VC++ 16.10 / 16.11 (VS2019)

END.
